Determining if the pthread_create exist failed with the following output:
Change Dir: /home/lorraine/Documents/alfred/CMakeFiles/CMakeTmp

Run Build Command:"/usr/bin/gmake" "cmTC_173d2/fast"
/usr/bin/gmake -f CMakeFiles/cmTC_173d2.dir/build.make CMakeFiles/cmTC_173d2.dir/build
gmake[1]: Entering directory `/home/lorraine/Documents/alfred/CMakeFiles/CMakeTmp'
Building C object CMakeFiles/cmTC_173d2.dir/CheckSymbolExists.c.o
/usr/bin/cc     -o CMakeFiles/cmTC_173d2.dir/CheckSymbolExists.c.o   -c /home/lorraine/Documents/alfred/CMakeFiles/CMakeTmp/CheckSymbolExists.c
Linking C executable cmTC_173d2
/usr/local/bin/cmake -E cmake_link_script CMakeFiles/cmTC_173d2.dir/link.txt --verbose=1
/usr/bin/cc       CMakeFiles/cmTC_173d2.dir/CheckSymbolExists.c.o  -o cmTC_173d2 -rdynamic 
CMakeFiles/cmTC_173d2.dir/CheckSymbolExists.c.o: In function `main':
CheckSymbolExists.c:(.text+0x16): undefined reference to `pthread_create'
collect2: error: ld returned 1 exit status
gmake[1]: *** [cmTC_173d2] Error 1
gmake[1]: Leaving directory `/home/lorraine/Documents/alfred/CMakeFiles/CMakeTmp'
gmake: *** [cmTC_173d2/fast] Error 2

File /home/lorraine/Documents/alfred/CMakeFiles/CMakeTmp/CheckSymbolExists.c:
/* */
#include <pthread.h>

int main(int argc, char** argv)
{
  (void)argv;
#ifndef pthread_create
  return ((int*)(&pthread_create))[argc];
#else
  (void)argc;
  return 0;
#endif
}

Determining if the function pthread_create exists in the pthreads failed with the following output:
Change Dir: /home/lorraine/Documents/alfred/CMakeFiles/CMakeTmp

Run Build Command:"/usr/bin/gmake" "cmTC_5b0f5/fast"
/usr/bin/gmake -f CMakeFiles/cmTC_5b0f5.dir/build.make CMakeFiles/cmTC_5b0f5.dir/build
gmake[1]: Entering directory `/home/lorraine/Documents/alfred/CMakeFiles/CMakeTmp'
Building C object CMakeFiles/cmTC_5b0f5.dir/CheckFunctionExists.c.o
/usr/bin/cc    -DCHECK_FUNCTION_EXISTS=pthread_create   -o CMakeFiles/cmTC_5b0f5.dir/CheckFunctionExists.c.o   -c /usr/local/share/cmake-3.4/Modules/CheckFunctionExists.c
Linking C executable cmTC_5b0f5
/usr/local/bin/cmake -E cmake_link_script CMakeFiles/cmTC_5b0f5.dir/link.txt --verbose=1
/usr/bin/cc   -DCHECK_FUNCTION_EXISTS=pthread_create    CMakeFiles/cmTC_5b0f5.dir/CheckFunctionExists.c.o  -o cmTC_5b0f5 -rdynamic -lpthreads 
/usr/bin/ld: cannot find -lpthreads
collect2: error: ld returned 1 exit status
gmake[1]: *** [cmTC_5b0f5] Error 1
gmake[1]: Leaving directory `/home/lorraine/Documents/alfred/CMakeFiles/CMakeTmp'
gmake: *** [cmTC_5b0f5/fast] Error 2


Performing C SOURCE FILE Test HAVE___DECLSPEC_DLLEXPORT_ failed with the following output:
Change Dir: /home/lorraine/Documents/alfred/CMakeFiles/CMakeTmp

Run Build Command:"/usr/bin/gmake" "cmTC_ecbb6/fast"
/usr/bin/gmake -f CMakeFiles/cmTC_ecbb6.dir/build.make CMakeFiles/cmTC_ecbb6.dir/build
gmake[1]: Entering directory `/home/lorraine/Documents/alfred/CMakeFiles/CMakeTmp'
Building C object CMakeFiles/cmTC_ecbb6.dir/src.c.o
/usr/bin/cc    -Wall -DHAVE___DECLSPEC_DLLEXPORT_   -o CMakeFiles/cmTC_ecbb6.dir/src.c.o   -c /home/lorraine/Documents/alfred/CMakeFiles/CMakeTmp/src.c
/home/lorraine/Documents/alfred/CMakeFiles/CMakeTmp/src.c:1:1: warning: return type defaults to ‘int’ [-Wreturn-type]
 __declspec(dllexport) void func(); void func() { } int main() { func(); return 0; }
 ^
/home/lorraine/Documents/alfred/CMakeFiles/CMakeTmp/src.c: In function ‘__declspec’:
/home/lorraine/Documents/alfred/CMakeFiles/CMakeTmp/src.c:1:48: error: expected ‘=’, ‘,’, ‘;’, ‘asm’ or ‘__attribute__’ before ‘{’ token
 __declspec(dllexport) void func(); void func() { } int main() { func(); return 0; }
                                                ^
/home/lorraine/Documents/alfred/CMakeFiles/CMakeTmp/src.c:1:63: error: expected ‘=’, ‘,’, ‘;’, ‘asm’ or ‘__attribute__’ before ‘{’ token
 __declspec(dllexport) void func(); void func() { } int main() { func(); return 0; }
                                                               ^
/home/lorraine/Documents/alfred/CMakeFiles/CMakeTmp/src.c:1:28: error: declaration for parameter ‘func’ but no such parameter
 __declspec(dllexport) void func(); void func() { } int main() { func(); return 0; }
                            ^
/home/lorraine/Documents/alfred/CMakeFiles/CMakeTmp/src.c:1:63: error: expected ‘{’ at end of input
 __declspec(dllexport) void func(); void func() { } int main() { func(); return 0; }
                                                               ^
/home/lorraine/Documents/alfred/CMakeFiles/CMakeTmp/src.c:1:63: warning: control reaches end of non-void function [-Wreturn-type]
 __declspec(dllexport) void func(); void func() { } int main() { func(); return 0; }
                                                               ^
gmake[1]: *** [CMakeFiles/cmTC_ecbb6.dir/src.c.o] Error 1
gmake[1]: Leaving directory `/home/lorraine/Documents/alfred/CMakeFiles/CMakeTmp'
gmake: *** [cmTC_ecbb6/fast] Error 2

Source file was:
__declspec(dllexport) void func(); void func() { } int main() { func(); return 0; }
Performing C SOURCE FILE Test HAVE___DECLSPEC_DLLIMPORT_ failed with the following output:
Change Dir: /home/lorraine/Documents/alfred/CMakeFiles/CMakeTmp

Run Build Command:"/usr/bin/gmake" "cmTC_90d14/fast"
/usr/bin/gmake -f CMakeFiles/cmTC_90d14.dir/build.make CMakeFiles/cmTC_90d14.dir/build
gmake[1]: Entering directory `/home/lorraine/Documents/alfred/CMakeFiles/CMakeTmp'
Building C object CMakeFiles/cmTC_90d14.dir/src.c.o
/usr/bin/cc    -Wall -DHAVE___DECLSPEC_DLLIMPORT_   -o CMakeFiles/cmTC_90d14.dir/src.c.o   -c /home/lorraine/Documents/alfred/CMakeFiles/CMakeTmp/src.c
/home/lorraine/Documents/alfred/CMakeFiles/CMakeTmp/src.c:1:1: warning: return type defaults to ‘int’ [-Wreturn-type]
 __declspec(dllimport) void func(); void func() { } int main() { func(); return 0; }
 ^
/home/lorraine/Documents/alfred/CMakeFiles/CMakeTmp/src.c: In function ‘__declspec’:
/home/lorraine/Documents/alfred/CMakeFiles/CMakeTmp/src.c:1:48: error: expected ‘=’, ‘,’, ‘;’, ‘asm’ or ‘__attribute__’ before ‘{’ token
 __declspec(dllimport) void func(); void func() { } int main() { func(); return 0; }
                                                ^
/home/lorraine/Documents/alfred/CMakeFiles/CMakeTmp/src.c:1:63: error: expected ‘=’, ‘,’, ‘;’, ‘asm’ or ‘__attribute__’ before ‘{’ token
 __declspec(dllimport) void func(); void func() { } int main() { func(); return 0; }
                                                               ^
/home/lorraine/Documents/alfred/CMakeFiles/CMakeTmp/src.c:1:28: error: declaration for parameter ‘func’ but no such parameter
 __declspec(dllimport) void func(); void func() { } int main() { func(); return 0; }
                            ^
/home/lorraine/Documents/alfred/CMakeFiles/CMakeTmp/src.c:1:63: error: expected ‘{’ at end of input
 __declspec(dllimport) void func(); void func() { } int main() { func(); return 0; }
                                                               ^
/home/lorraine/Documents/alfred/CMakeFiles/CMakeTmp/src.c:1:63: warning: control reaches end of non-void function [-Wreturn-type]
 __declspec(dllimport) void func(); void func() { } int main() { func(); return 0; }
                                                               ^
gmake[1]: *** [CMakeFiles/cmTC_90d14.dir/src.c.o] Error 1
gmake[1]: Leaving directory `/home/lorraine/Documents/alfred/CMakeFiles/CMakeTmp'
gmake: *** [cmTC_90d14/fast] Error 2

Source file was:
__declspec(dllimport) void func(); void func() { } int main() { func(); return 0; }
Determining if the pthread_create exist failed with the following output:
Change Dir: /home/lorraine/Documents/smart/CMakeFiles/CMakeTmp

Run Build Command:"/usr/bin/gmake" "cmTC_1f18d/fast"
/usr/bin/gmake -f CMakeFiles/cmTC_1f18d.dir/build.make CMakeFiles/cmTC_1f18d.dir/build
gmake[1]: Entering directory `/home/lorraine/Documents/smart/CMakeFiles/CMakeTmp'
Building C object CMakeFiles/cmTC_1f18d.dir/CheckSymbolExists.c.o
/usr/bin/cc     -o CMakeFiles/cmTC_1f18d.dir/CheckSymbolExists.c.o   -c /home/lorraine/Documents/smart/CMakeFiles/CMakeTmp/CheckSymbolExists.c
Linking C executable cmTC_1f18d
/usr/local/bin/cmake -E cmake_link_script CMakeFiles/cmTC_1f18d.dir/link.txt --verbose=1
/usr/bin/cc       CMakeFiles/cmTC_1f18d.dir/CheckSymbolExists.c.o  -o cmTC_1f18d -rdynamic 
CMakeFiles/cmTC_1f18d.dir/CheckSymbolExists.c.o: In function `main':
CheckSymbolExists.c:(.text+0x16): undefined reference to `pthread_create'
collect2: error: ld returned 1 exit status
gmake[1]: *** [cmTC_1f18d] Error 1
gmake[1]: Leaving directory `/home/lorraine/Documents/smart/CMakeFiles/CMakeTmp'
gmake: *** [cmTC_1f18d/fast] Error 2

File /home/lorraine/Documents/smart/CMakeFiles/CMakeTmp/CheckSymbolExists.c:
/* */
#include <pthread.h>

int main(int argc, char** argv)
{
  (void)argv;
#ifndef pthread_create
  return ((int*)(&pthread_create))[argc];
#else
  (void)argc;
  return 0;
#endif
}

Determining if the function pthread_create exists in the pthreads failed with the following output:
Change Dir: /home/lorraine/Documents/smart/CMakeFiles/CMakeTmp

Run Build Command:"/usr/bin/gmake" "cmTC_7ed36/fast"
/usr/bin/gmake -f CMakeFiles/cmTC_7ed36.dir/build.make CMakeFiles/cmTC_7ed36.dir/build
gmake[1]: Entering directory `/home/lorraine/Documents/smart/CMakeFiles/CMakeTmp'
Building C object CMakeFiles/cmTC_7ed36.dir/CheckFunctionExists.c.o
/usr/bin/cc    -DCHECK_FUNCTION_EXISTS=pthread_create   -o CMakeFiles/cmTC_7ed36.dir/CheckFunctionExists.c.o   -c /usr/local/share/cmake-3.4/Modules/CheckFunctionExists.c
Linking C executable cmTC_7ed36
/usr/local/bin/cmake -E cmake_link_script CMakeFiles/cmTC_7ed36.dir/link.txt --verbose=1
/usr/bin/cc   -DCHECK_FUNCTION_EXISTS=pthread_create    CMakeFiles/cmTC_7ed36.dir/CheckFunctionExists.c.o  -o cmTC_7ed36 -rdynamic -lpthreads 
/usr/bin/ld: cannot find -lpthreads
collect2: error: ld returned 1 exit status
gmake[1]: *** [cmTC_7ed36] Error 1
gmake[1]: Leaving directory `/home/lorraine/Documents/smart/CMakeFiles/CMakeTmp'
gmake: *** [cmTC_7ed36/fast] Error 2


Performing C SOURCE FILE Test HAVE___DECLSPEC_DLLEXPORT_ failed with the following output:
Change Dir: /home/lorraine/Documents/smart/CMakeFiles/CMakeTmp

Run Build Command:"/usr/bin/gmake" "cmTC_02094/fast"
/usr/bin/gmake -f CMakeFiles/cmTC_02094.dir/build.make CMakeFiles/cmTC_02094.dir/build
gmake[1]: Entering directory `/home/lorraine/Documents/smart/CMakeFiles/CMakeTmp'
Building C object CMakeFiles/cmTC_02094.dir/src.c.o
/usr/bin/cc    -Wall -DHAVE___DECLSPEC_DLLEXPORT_   -o CMakeFiles/cmTC_02094.dir/src.c.o   -c /home/lorraine/Documents/smart/CMakeFiles/CMakeTmp/src.c
/home/lorraine/Documents/smart/CMakeFiles/CMakeTmp/src.c:1:1: warning: return type defaults to ‘int’ [-Wreturn-type]
 __declspec(dllexport) void func(); void func() { } int main() { func(); return 0; }
 ^
/home/lorraine/Documents/smart/CMakeFiles/CMakeTmp/src.c: In function ‘__declspec’:
/home/lorraine/Documents/smart/CMakeFiles/CMakeTmp/src.c:1:48: error: expected ‘=’, ‘,’, ‘;’, ‘asm’ or ‘__attribute__’ before ‘{’ token
 __declspec(dllexport) void func(); void func() { } int main() { func(); return 0; }
                                                ^
/home/lorraine/Documents/smart/CMakeFiles/CMakeTmp/src.c:1:63: error: expected ‘=’, ‘,’, ‘;’, ‘asm’ or ‘__attribute__’ before ‘{’ token
 __declspec(dllexport) void func(); void func() { } int main() { func(); return 0; }
                                                               ^
/home/lorraine/Documents/smart/CMakeFiles/CMakeTmp/src.c:1:28: error: declaration for parameter ‘func’ but no such parameter
 __declspec(dllexport) void func(); void func() { } int main() { func(); return 0; }
                            ^
/home/lorraine/Documents/smart/CMakeFiles/CMakeTmp/src.c:1:63: error: expected ‘{’ at end of input
 __declspec(dllexport) void func(); void func() { } int main() { func(); return 0; }
                                                               ^
/home/lorraine/Documents/smart/CMakeFiles/CMakeTmp/src.c:1:63: warning: control reaches end of non-void function [-Wreturn-type]
 __declspec(dllexport) void func(); void func() { } int main() { func(); return 0; }
                                                               ^
gmake[1]: *** [CMakeFiles/cmTC_02094.dir/src.c.o] Error 1
gmake[1]: Leaving directory `/home/lorraine/Documents/smart/CMakeFiles/CMakeTmp'
gmake: *** [cmTC_02094/fast] Error 2

Source file was:
__declspec(dllexport) void func(); void func() { } int main() { func(); return 0; }
Performing C SOURCE FILE Test HAVE___DECLSPEC_DLLIMPORT_ failed with the following output:
Change Dir: /home/lorraine/Documents/smart/CMakeFiles/CMakeTmp

Run Build Command:"/usr/bin/gmake" "cmTC_f6a67/fast"
/usr/bin/gmake -f CMakeFiles/cmTC_f6a67.dir/build.make CMakeFiles/cmTC_f6a67.dir/build
gmake[1]: Entering directory `/home/lorraine/Documents/smart/CMakeFiles/CMakeTmp'
Building C object CMakeFiles/cmTC_f6a67.dir/src.c.o
/usr/bin/cc    -Wall -DHAVE___DECLSPEC_DLLIMPORT_   -o CMakeFiles/cmTC_f6a67.dir/src.c.o   -c /home/lorraine/Documents/smart/CMakeFiles/CMakeTmp/src.c
/home/lorraine/Documents/smart/CMakeFiles/CMakeTmp/src.c:1:1: warning: return type defaults to ‘int’ [-Wreturn-type]
 __declspec(dllimport) void func(); void func() { } int main() { func(); return 0; }
 ^
/home/lorraine/Documents/smart/CMakeFiles/CMakeTmp/src.c: In function ‘__declspec’:
/home/lorraine/Documents/smart/CMakeFiles/CMakeTmp/src.c:1:48: error: expected ‘=’, ‘,’, ‘;’, ‘asm’ or ‘__attribute__’ before ‘{’ token
 __declspec(dllimport) void func(); void func() { } int main() { func(); return 0; }
                                                ^
/home/lorraine/Documents/smart/CMakeFiles/CMakeTmp/src.c:1:63: error: expected ‘=’, ‘,’, ‘;’, ‘asm’ or ‘__attribute__’ before ‘{’ token
 __declspec(dllimport) void func(); void func() { } int main() { func(); return 0; }
                                                               ^
/home/lorraine/Documents/smart/CMakeFiles/CMakeTmp/src.c:1:28: error: declaration for parameter ‘func’ but no such parameter
 __declspec(dllimport) void func(); void func() { } int main() { func(); return 0; }
                            ^
/home/lorraine/Documents/smart/CMakeFiles/CMakeTmp/src.c:1:63: error: expected ‘{’ at end of input
 __declspec(dllimport) void func(); void func() { } int main() { func(); return 0; }
                                                               ^
/home/lorraine/Documents/smart/CMakeFiles/CMakeTmp/src.c:1:63: warning: control reaches end of non-void function [-Wreturn-type]
 __declspec(dllimport) void func(); void func() { } int main() { func(); return 0; }
                                                               ^
gmake[1]: *** [CMakeFiles/cmTC_f6a67.dir/src.c.o] Error 1
gmake[1]: Leaving directory `/home/lorraine/Documents/smart/CMakeFiles/CMakeTmp'
gmake: *** [cmTC_f6a67/fast] Error 2

Source file was:
__declspec(dllimport) void func(); void func() { } int main() { func(); return 0; }
Determining if the pthread_create exist failed with the following output:
Change Dir: /home/lorraine/Documents/smart/CMakeFiles/CMakeTmp

Run Build Command:"/usr/bin/gmake" "cmTC_6bb7a/fast"
/usr/bin/gmake -f CMakeFiles/cmTC_6bb7a.dir/build.make CMakeFiles/cmTC_6bb7a.dir/build
gmake[1]: Entering directory `/home/lorraine/Documents/smart/CMakeFiles/CMakeTmp'
Building C object CMakeFiles/cmTC_6bb7a.dir/CheckSymbolExists.c.o
/usr/bin/cc     -o CMakeFiles/cmTC_6bb7a.dir/CheckSymbolExists.c.o   -c /home/lorraine/Documents/smart/CMakeFiles/CMakeTmp/CheckSymbolExists.c
Linking C executable cmTC_6bb7a
/usr/local/bin/cmake -E cmake_link_script CMakeFiles/cmTC_6bb7a.dir/link.txt --verbose=1
/usr/bin/cc       CMakeFiles/cmTC_6bb7a.dir/CheckSymbolExists.c.o  -o cmTC_6bb7a -rdynamic 
CMakeFiles/cmTC_6bb7a.dir/CheckSymbolExists.c.o: In function `main':
CheckSymbolExists.c:(.text+0x16): undefined reference to `pthread_create'
collect2: error: ld returned 1 exit status
gmake[1]: *** [cmTC_6bb7a] Error 1
gmake[1]: Leaving directory `/home/lorraine/Documents/smart/CMakeFiles/CMakeTmp'
gmake: *** [cmTC_6bb7a/fast] Error 2

File /home/lorraine/Documents/smart/CMakeFiles/CMakeTmp/CheckSymbolExists.c:
/* */
#include <pthread.h>

int main(int argc, char** argv)
{
  (void)argv;
#ifndef pthread_create
  return ((int*)(&pthread_create))[argc];
#else
  (void)argc;
  return 0;
#endif
}

Determining if the function pthread_create exists in the pthreads failed with the following output:
Change Dir: /home/lorraine/Documents/smart/CMakeFiles/CMakeTmp

Run Build Command:"/usr/bin/gmake" "cmTC_d47c6/fast"
/usr/bin/gmake -f CMakeFiles/cmTC_d47c6.dir/build.make CMakeFiles/cmTC_d47c6.dir/build
gmake[1]: Entering directory `/home/lorraine/Documents/smart/CMakeFiles/CMakeTmp'
Building C object CMakeFiles/cmTC_d47c6.dir/CheckFunctionExists.c.o
/usr/bin/cc    -DCHECK_FUNCTION_EXISTS=pthread_create   -o CMakeFiles/cmTC_d47c6.dir/CheckFunctionExists.c.o   -c /usr/local/share/cmake-3.4/Modules/CheckFunctionExists.c
Linking C executable cmTC_d47c6
/usr/local/bin/cmake -E cmake_link_script CMakeFiles/cmTC_d47c6.dir/link.txt --verbose=1
/usr/bin/cc   -DCHECK_FUNCTION_EXISTS=pthread_create    CMakeFiles/cmTC_d47c6.dir/CheckFunctionExists.c.o  -o cmTC_d47c6 -rdynamic -lpthreads 
/usr/bin/ld: cannot find -lpthreads
collect2: error: ld returned 1 exit status
gmake[1]: *** [cmTC_d47c6] Error 1
gmake[1]: Leaving directory `/home/lorraine/Documents/smart/CMakeFiles/CMakeTmp'
gmake: *** [cmTC_d47c6/fast] Error 2


Performing C SOURCE FILE Test HAVE___DECLSPEC_DLLEXPORT_ failed with the following output:
Change Dir: /home/lorraine/Documents/smart/CMakeFiles/CMakeTmp

Run Build Command:"/usr/bin/gmake" "cmTC_abf45/fast"
/usr/bin/gmake -f CMakeFiles/cmTC_abf45.dir/build.make CMakeFiles/cmTC_abf45.dir/build
gmake[1]: Entering directory `/home/lorraine/Documents/smart/CMakeFiles/CMakeTmp'
Building C object CMakeFiles/cmTC_abf45.dir/src.c.o
/usr/bin/cc    -Wall -DHAVE___DECLSPEC_DLLEXPORT_   -o CMakeFiles/cmTC_abf45.dir/src.c.o   -c /home/lorraine/Documents/smart/CMakeFiles/CMakeTmp/src.c
/home/lorraine/Documents/smart/CMakeFiles/CMakeTmp/src.c:1:1: warning: return type defaults to ‘int’ [-Wreturn-type]
 __declspec(dllexport) void func(); void func() { } int main() { func(); return 0; }
 ^
/home/lorraine/Documents/smart/CMakeFiles/CMakeTmp/src.c: In function ‘__declspec’:
/home/lorraine/Documents/smart/CMakeFiles/CMakeTmp/src.c:1:48: error: expected ‘=’, ‘,’, ‘;’, ‘asm’ or ‘__attribute__’ before ‘{’ token
 __declspec(dllexport) void func(); void func() { } int main() { func(); return 0; }
                                                ^
/home/lorraine/Documents/smart/CMakeFiles/CMakeTmp/src.c:1:63: error: expected ‘=’, ‘,’, ‘;’, ‘asm’ or ‘__attribute__’ before ‘{’ token
 __declspec(dllexport) void func(); void func() { } int main() { func(); return 0; }
                                                               ^
/home/lorraine/Documents/smart/CMakeFiles/CMakeTmp/src.c:1:28: error: declaration for parameter ‘func’ but no such parameter
 __declspec(dllexport) void func(); void func() { } int main() { func(); return 0; }
                            ^
/home/lorraine/Documents/smart/CMakeFiles/CMakeTmp/src.c:1:63: error: expected ‘{’ at end of input
 __declspec(dllexport) void func(); void func() { } int main() { func(); return 0; }
                                                               ^
/home/lorraine/Documents/smart/CMakeFiles/CMakeTmp/src.c:1:63: warning: control reaches end of non-void function [-Wreturn-type]
 __declspec(dllexport) void func(); void func() { } int main() { func(); return 0; }
                                                               ^
gmake[1]: *** [CMakeFiles/cmTC_abf45.dir/src.c.o] Error 1
gmake[1]: Leaving directory `/home/lorraine/Documents/smart/CMakeFiles/CMakeTmp'
gmake: *** [cmTC_abf45/fast] Error 2

Source file was:
__declspec(dllexport) void func(); void func() { } int main() { func(); return 0; }
Performing C SOURCE FILE Test HAVE___DECLSPEC_DLLIMPORT_ failed with the following output:
Change Dir: /home/lorraine/Documents/smart/CMakeFiles/CMakeTmp

Run Build Command:"/usr/bin/gmake" "cmTC_a98d0/fast"
/usr/bin/gmake -f CMakeFiles/cmTC_a98d0.dir/build.make CMakeFiles/cmTC_a98d0.dir/build
gmake[1]: Entering directory `/home/lorraine/Documents/smart/CMakeFiles/CMakeTmp'
Building C object CMakeFiles/cmTC_a98d0.dir/src.c.o
/usr/bin/cc    -Wall -DHAVE___DECLSPEC_DLLIMPORT_   -o CMakeFiles/cmTC_a98d0.dir/src.c.o   -c /home/lorraine/Documents/smart/CMakeFiles/CMakeTmp/src.c
/home/lorraine/Documents/smart/CMakeFiles/CMakeTmp/src.c:1:1: warning: return type defaults to ‘int’ [-Wreturn-type]
 __declspec(dllimport) void func(); void func() { } int main() { func(); return 0; }
 ^
/home/lorraine/Documents/smart/CMakeFiles/CMakeTmp/src.c: In function ‘__declspec’:
/home/lorraine/Documents/smart/CMakeFiles/CMakeTmp/src.c:1:48: error: expected ‘=’, ‘,’, ‘;’, ‘asm’ or ‘__attribute__’ before ‘{’ token
 __declspec(dllimport) void func(); void func() { } int main() { func(); return 0; }
                                                ^
/home/lorraine/Documents/smart/CMakeFiles/CMakeTmp/src.c:1:63: error: expected ‘=’, ‘,’, ‘;’, ‘asm’ or ‘__attribute__’ before ‘{’ token
 __declspec(dllimport) void func(); void func() { } int main() { func(); return 0; }
                                                               ^
/home/lorraine/Documents/smart/CMakeFiles/CMakeTmp/src.c:1:28: error: declaration for parameter ‘func’ but no such parameter
 __declspec(dllimport) void func(); void func() { } int main() { func(); return 0; }
                            ^
/home/lorraine/Documents/smart/CMakeFiles/CMakeTmp/src.c:1:63: error: expected ‘{’ at end of input
 __declspec(dllimport) void func(); void func() { } int main() { func(); return 0; }
                                                               ^
/home/lorraine/Documents/smart/CMakeFiles/CMakeTmp/src.c:1:63: warning: control reaches end of non-void function [-Wreturn-type]
 __declspec(dllimport) void func(); void func() { } int main() { func(); return 0; }
                                                               ^
gmake[1]: *** [CMakeFiles/cmTC_a98d0.dir/src.c.o] Error 1
gmake[1]: Leaving directory `/home/lorraine/Documents/smart/CMakeFiles/CMakeTmp'
gmake: *** [cmTC_a98d0/fast] Error 2

Source file was:
__declspec(dllimport) void func(); void func() { } int main() { func(); return 0; }
Determining if the pthread_create exist failed with the following output:
Change Dir: /home/lorraine/Documents/smart/CMakeFiles/CMakeTmp

Run Build Command:"/usr/bin/gmake" "cmTC_4ec72/fast"
/usr/bin/gmake -f CMakeFiles/cmTC_4ec72.dir/build.make CMakeFiles/cmTC_4ec72.dir/build
gmake[1]: Entering directory `/home/lorraine/Documents/smart/CMakeFiles/CMakeTmp'
Building C object CMakeFiles/cmTC_4ec72.dir/CheckSymbolExists.c.o
/usr/bin/cc     -o CMakeFiles/cmTC_4ec72.dir/CheckSymbolExists.c.o   -c /home/lorraine/Documents/smart/CMakeFiles/CMakeTmp/CheckSymbolExists.c
Linking C executable cmTC_4ec72
/usr/local/bin/cmake -E cmake_link_script CMakeFiles/cmTC_4ec72.dir/link.txt --verbose=1
/usr/bin/cc       CMakeFiles/cmTC_4ec72.dir/CheckSymbolExists.c.o  -o cmTC_4ec72 -rdynamic 
CMakeFiles/cmTC_4ec72.dir/CheckSymbolExists.c.o: In function `main':
CheckSymbolExists.c:(.text+0x16): undefined reference to `pthread_create'
collect2: error: ld returned 1 exit status
gmake[1]: *** [cmTC_4ec72] Error 1
gmake[1]: Leaving directory `/home/lorraine/Documents/smart/CMakeFiles/CMakeTmp'
gmake: *** [cmTC_4ec72/fast] Error 2

File /home/lorraine/Documents/smart/CMakeFiles/CMakeTmp/CheckSymbolExists.c:
/* */
#include <pthread.h>

int main(int argc, char** argv)
{
  (void)argv;
#ifndef pthread_create
  return ((int*)(&pthread_create))[argc];
#else
  (void)argc;
  return 0;
#endif
}

Determining if the function pthread_create exists in the pthreads failed with the following output:
Change Dir: /home/lorraine/Documents/smart/CMakeFiles/CMakeTmp

Run Build Command:"/usr/bin/gmake" "cmTC_9f46f/fast"
/usr/bin/gmake -f CMakeFiles/cmTC_9f46f.dir/build.make CMakeFiles/cmTC_9f46f.dir/build
gmake[1]: Entering directory `/home/lorraine/Documents/smart/CMakeFiles/CMakeTmp'
Building C object CMakeFiles/cmTC_9f46f.dir/CheckFunctionExists.c.o
/usr/bin/cc    -DCHECK_FUNCTION_EXISTS=pthread_create   -o CMakeFiles/cmTC_9f46f.dir/CheckFunctionExists.c.o   -c /usr/local/share/cmake-3.4/Modules/CheckFunctionExists.c
Linking C executable cmTC_9f46f
/usr/local/bin/cmake -E cmake_link_script CMakeFiles/cmTC_9f46f.dir/link.txt --verbose=1
/usr/bin/cc   -DCHECK_FUNCTION_EXISTS=pthread_create    CMakeFiles/cmTC_9f46f.dir/CheckFunctionExists.c.o  -o cmTC_9f46f -rdynamic -lpthreads 
/usr/bin/ld: cannot find -lpthreads
collect2: error: ld returned 1 exit status
gmake[1]: *** [cmTC_9f46f] Error 1
gmake[1]: Leaving directory `/home/lorraine/Documents/smart/CMakeFiles/CMakeTmp'
gmake: *** [cmTC_9f46f/fast] Error 2


Performing C SOURCE FILE Test HAVE___DECLSPEC_DLLEXPORT_ failed with the following output:
Change Dir: /home/lorraine/Documents/smart/CMakeFiles/CMakeTmp

Run Build Command:"/usr/bin/gmake" "cmTC_4fa10/fast"
/usr/bin/gmake -f CMakeFiles/cmTC_4fa10.dir/build.make CMakeFiles/cmTC_4fa10.dir/build
gmake[1]: Entering directory `/home/lorraine/Documents/smart/CMakeFiles/CMakeTmp'
Building C object CMakeFiles/cmTC_4fa10.dir/src.c.o
/usr/bin/cc    -Wall -DHAVE___DECLSPEC_DLLEXPORT_   -o CMakeFiles/cmTC_4fa10.dir/src.c.o   -c /home/lorraine/Documents/smart/CMakeFiles/CMakeTmp/src.c
/home/lorraine/Documents/smart/CMakeFiles/CMakeTmp/src.c:1:1: warning: return type defaults to ‘int’ [-Wreturn-type]
 __declspec(dllexport) void func(); void func() { } int main() { func(); return 0; }
 ^
/home/lorraine/Documents/smart/CMakeFiles/CMakeTmp/src.c: In function ‘__declspec’:
/home/lorraine/Documents/smart/CMakeFiles/CMakeTmp/src.c:1:48: error: expected ‘=’, ‘,’, ‘;’, ‘asm’ or ‘__attribute__’ before ‘{’ token
 __declspec(dllexport) void func(); void func() { } int main() { func(); return 0; }
                                                ^
/home/lorraine/Documents/smart/CMakeFiles/CMakeTmp/src.c:1:63: error: expected ‘=’, ‘,’, ‘;’, ‘asm’ or ‘__attribute__’ before ‘{’ token
 __declspec(dllexport) void func(); void func() { } int main() { func(); return 0; }
                                                               ^
/home/lorraine/Documents/smart/CMakeFiles/CMakeTmp/src.c:1:28: error: declaration for parameter ‘func’ but no such parameter
 __declspec(dllexport) void func(); void func() { } int main() { func(); return 0; }
                            ^
/home/lorraine/Documents/smart/CMakeFiles/CMakeTmp/src.c:1:63: error: expected ‘{’ at end of input
 __declspec(dllexport) void func(); void func() { } int main() { func(); return 0; }
                                                               ^
/home/lorraine/Documents/smart/CMakeFiles/CMakeTmp/src.c:1:63: warning: control reaches end of non-void function [-Wreturn-type]
 __declspec(dllexport) void func(); void func() { } int main() { func(); return 0; }
                                                               ^
gmake[1]: *** [CMakeFiles/cmTC_4fa10.dir/src.c.o] Error 1
gmake[1]: Leaving directory `/home/lorraine/Documents/smart/CMakeFiles/CMakeTmp'
gmake: *** [cmTC_4fa10/fast] Error 2

Source file was:
__declspec(dllexport) void func(); void func() { } int main() { func(); return 0; }
Performing C SOURCE FILE Test HAVE___DECLSPEC_DLLIMPORT_ failed with the following output:
Change Dir: /home/lorraine/Documents/smart/CMakeFiles/CMakeTmp

Run Build Command:"/usr/bin/gmake" "cmTC_81aee/fast"
/usr/bin/gmake -f CMakeFiles/cmTC_81aee.dir/build.make CMakeFiles/cmTC_81aee.dir/build
gmake[1]: Entering directory `/home/lorraine/Documents/smart/CMakeFiles/CMakeTmp'
Building C object CMakeFiles/cmTC_81aee.dir/src.c.o
/usr/bin/cc    -Wall -DHAVE___DECLSPEC_DLLIMPORT_   -o CMakeFiles/cmTC_81aee.dir/src.c.o   -c /home/lorraine/Documents/smart/CMakeFiles/CMakeTmp/src.c
/home/lorraine/Documents/smart/CMakeFiles/CMakeTmp/src.c:1:1: warning: return type defaults to ‘int’ [-Wreturn-type]
 __declspec(dllimport) void func(); void func() { } int main() { func(); return 0; }
 ^
/home/lorraine/Documents/smart/CMakeFiles/CMakeTmp/src.c: In function ‘__declspec’:
/home/lorraine/Documents/smart/CMakeFiles/CMakeTmp/src.c:1:48: error: expected ‘=’, ‘,’, ‘;’, ‘asm’ or ‘__attribute__’ before ‘{’ token
 __declspec(dllimport) void func(); void func() { } int main() { func(); return 0; }
                                                ^
/home/lorraine/Documents/smart/CMakeFiles/CMakeTmp/src.c:1:63: error: expected ‘=’, ‘,’, ‘;’, ‘asm’ or ‘__attribute__’ before ‘{’ token
 __declspec(dllimport) void func(); void func() { } int main() { func(); return 0; }
                                                               ^
/home/lorraine/Documents/smart/CMakeFiles/CMakeTmp/src.c:1:28: error: declaration for parameter ‘func’ but no such parameter
 __declspec(dllimport) void func(); void func() { } int main() { func(); return 0; }
                            ^
/home/lorraine/Documents/smart/CMakeFiles/CMakeTmp/src.c:1:63: error: expected ‘{’ at end of input
 __declspec(dllimport) void func(); void func() { } int main() { func(); return 0; }
                                                               ^
/home/lorraine/Documents/smart/CMakeFiles/CMakeTmp/src.c:1:63: warning: control reaches end of non-void function [-Wreturn-type]
 __declspec(dllimport) void func(); void func() { } int main() { func(); return 0; }
                                                               ^
gmake[1]: *** [CMakeFiles/cmTC_81aee.dir/src.c.o] Error 1
gmake[1]: Leaving directory `/home/lorraine/Documents/smart/CMakeFiles/CMakeTmp'
gmake: *** [cmTC_81aee/fast] Error 2

Source file was:
__declspec(dllimport) void func(); void func() { } int main() { func(); return 0; }
